{"total": {"lines":{"total":9424,"covered":3983,"skipped":0,"pct":42.26},"statements":{"total":9814,"covered":4144,"skipped":0,"pct":42.22},"functions":{"total":1028,"covered":440,"skipped":0,"pct":42.8},"branches":{"total":5261,"covered":1608,"skipped":0,"pct":30.56},"branchesTrue":{"total":0,"covered":0,"skipped":0,"pct":100}}
,"D:\\pharmacy-pos\\backend\\app.ts": {"lines":{"total":148,"covered":131,"skipped":0,"pct":88.51},"functions":{"total":6,"covered":2,"skipped":0,"pct":33.33},"statements":{"total":148,"covered":131,"skipped":0,"pct":88.51},"branches":{"total":46,"covered":15,"skipped":0,"pct":32.6}}
,"D:\\pharmacy-pos\\backend\\middleware\\adminAuth.ts": {"lines":{"total":16,"covered":16,"skipped":0,"pct":100},"functions":{"total":1,"covered":1,"skipped":0,"pct":100},"statements":{"total":16,"covered":16,"skipped":0,"pct":100},"branches":{"total":8,"covered":8,"skipped":0,"pct":100}}
,"D:\\pharmacy-pos\\backend\\middleware\\auth.ts": {"lines":{"total":36,"covered":36,"skipped":0,"pct":100},"functions":{"total":1,"covered":1,"skipped":0,"pct":100},"statements":{"total":36,"covered":36,"skipped":0,"pct":100},"branches":{"total":14,"covered":14,"skipped":0,"pct":100}}
,"D:\\pharmacy-pos\\backend\\middleware\\doubleEntryValidation.ts": {"lines":{"total":58,"covered":58,"skipped":0,"pct":100},"functions":{"total":4,"covered":4,"skipped":0,"pct":100},"statements":{"total":62,"covered":62,"skipped":0,"pct":100},"branches":{"total":42,"covered":42,"skipped":0,"pct":100}}
,"D:\\pharmacy-pos\\backend\\middleware\\errorHandler.ts": {"lines":{"total":131,"covered":131,"skipped":0,"pct":100},"functions":{"total":34,"covered":34,"skipped":0,"pct":100},"statements":{"total":143,"covered":143,"skipped":0,"pct":100},"branches":{"total":62,"covered":57,"skipped":0,"pct":91.93}}
,"D:\\pharmacy-pos\\backend\\middleware\\performanceMonitor.ts": {"lines":{"total":71,"covered":67,"skipped":0,"pct":94.36},"functions":{"total":19,"covered":19,"skipped":0,"pct":100},"statements":{"total":74,"covered":70,"skipped":0,"pct":94.59},"branches":{"total":61,"covered":46,"skipped":0,"pct":75.4}}
,"D:\\pharmacy-pos\\backend\\models\\Account2.ts": {"lines":{"total":28,"covered":28,"skipped":0,"pct":100},"functions":{"total":2,"covered":2,"skipped":0,"pct":100},"statements":{"total":28,"covered":28,"skipped":0,"pct":100},"branches":{"total":16,"covered":12,"skipped":0,"pct":75}}
,"D:\\pharmacy-pos\\backend\\models\\AccountType.ts": {"lines":{"total":33,"covered":16,"skipped":0,"pct":48.48},"functions":{"total":7,"covered":0,"skipped":0,"pct":0},"statements":{"total":35,"covered":17,"skipped":0,"pct":48.57},"branches":{"total":8,"covered":0,"skipped":0,"pct":0}}
,"D:\\pharmacy-pos\\backend\\models\\Accounting.ts": {"lines":{"total":32,"covered":24,"skipped":0,"pct":75},"functions":{"total":8,"covered":5,"skipped":0,"pct":62.5},"statements":{"total":33,"covered":25,"skipped":0,"pct":75.75},"branches":{"total":6,"covered":3,"skipped":0,"pct":50}}
,"D:\\pharmacy-pos\\backend\\models\\AccountingCategory.ts": {"lines":{"total":6,"covered":6,"skipped":0,"pct":100},"functions":{"total":0,"covered":0,"skipped":0,"pct":100},"statements":{"total":6,"covered":6,"skipped":0,"pct":100},"branches":{"total":0,"covered":0,"skipped":0,"pct":100}}
,"D:\\pharmacy-pos\\backend\\models\\AccountingEntry.ts": {"lines":{"total":18,"covered":18,"skipped":0,"pct":100},"functions":{"total":1,"covered":1,"skipped":0,"pct":100},"statements":{"total":18,"covered":18,"skipped":0,"pct":100},"branches":{"total":8,"covered":8,"skipped":0,"pct":100}}
,"D:\\pharmacy-pos\\backend\\models\\AccountingRecord2.ts": {"lines":{"total":13,"covered":11,"skipped":0,"pct":84.61},"functions":{"total":1,"covered":0,"skipped":0,"pct":0},"statements":{"total":13,"covered":11,"skipped":0,"pct":84.61},"branches":{"total":0,"covered":0,"skipped":0,"pct":100}}
,"D:\\pharmacy-pos\\backend\\models\\BaseProduct.ts": {"lines":{"total":14,"covered":14,"skipped":0,"pct":100},"functions":{"total":1,"covered":1,"skipped":0,"pct":100},"statements":{"total":15,"covered":15,"skipped":0,"pct":100},"branches":{"total":0,"covered":0,"skipped":0,"pct":100}}
,"D:\\pharmacy-pos\\backend\\models\\Category2.ts": {"lines":{"total":11,"covered":11,"skipped":0,"pct":100},"functions":{"total":0,"covered":0,"skipped":0,"pct":100},"statements":{"total":11,"covered":11,"skipped":0,"pct":100},"branches":{"total":0,"covered":0,"skipped":0,"pct":100}}
,"D:\\pharmacy-pos\\backend\\models\\Customer.ts": {"lines":{"total":26,"covered":26,"skipped":0,"pct":100},"functions":{"total":4,"covered":4,"skipped":0,"pct":100},"statements":{"total":31,"covered":31,"skipped":0,"pct":100},"branches":{"total":20,"covered":19,"skipped":0,"pct":95}}
,"D:\\pharmacy-pos\\backend\\models\\Employee.ts": {"lines":{"total":6,"covered":6,"skipped":0,"pct":100},"functions":{"total":0,"covered":0,"skipped":0,"pct":100},"statements":{"total":6,"covered":6,"skipped":0,"pct":100},"branches":{"total":0,"covered":0,"skipped":0,"pct":100}}
,"D:\\pharmacy-pos\\backend\\models\\EmployeeSchedule.ts": {"lines":{"total":7,"covered":7,"skipped":0,"pct":100},"functions":{"total":0,"covered":0,"skipped":0,"pct":100},"statements":{"total":7,"covered":7,"skipped":0,"pct":100},"branches":{"total":0,"covered":0,"skipped":0,"pct":100}}
,"D:\\pharmacy-pos\\backend\\models\\Inventory.ts": {"lines":{"total":6,"covered":6,"skipped":0,"pct":100},"functions":{"total":0,"covered":0,"skipped":0,"pct":100},"statements":{"total":6,"covered":6,"skipped":0,"pct":100},"branches":{"total":0,"covered":0,"skipped":0,"pct":100}}
,"D:\\pharmacy-pos\\backend\\models\\LinkReference.ts": {"lines":{"total":43,"covered":15,"skipped":0,"pct":34.88},"functions":{"total":7,"covered":0,"skipped":0,"pct":0},"statements":{"total":43,"covered":15,"skipped":0,"pct":34.88},"branches":{"total":26,"covered":0,"skipped":0,"pct":0}}
,"D:\\pharmacy-pos\\backend\\models\\MonitoredProduct.ts": {"lines":{"total":6,"covered":6,"skipped":0,"pct":100},"functions":{"total":0,"covered":0,"skipped":0,"pct":100},"statements":{"total":6,"covered":6,"skipped":0,"pct":100},"branches":{"total":0,"covered":0,"skipped":0,"pct":100}}
,"D:\\pharmacy-pos\\backend\\models\\Organization.ts": {"lines":{"total":27,"covered":14,"skipped":0,"pct":51.85},"functions":{"total":5,"covered":0,"skipped":0,"pct":0},"statements":{"total":28,"covered":14,"skipped":0,"pct":50},"branches":{"total":2,"covered":0,"skipped":0,"pct":0}}
,"D:\\pharmacy-pos\\backend\\models\\OvertimeRecord.ts": {"lines":{"total":12,"covered":10,"skipped":0,"pct":83.33},"functions":{"total":1,"covered":0,"skipped":0,"pct":0},"statements":{"total":12,"covered":10,"skipped":0,"pct":83.33},"branches":{"total":0,"covered":0,"skipped":0,"pct":100}}
,"D:\\pharmacy-pos\\backend\\models\\Package.ts": {"lines":{"total":34,"covered":14,"skipped":0,"pct":41.17},"functions":{"total":10,"covered":0,"skipped":0,"pct":0},"statements":{"total":35,"covered":14,"skipped":0,"pct":40},"branches":{"total":4,"covered":0,"skipped":0,"pct":0}}
,"D:\\pharmacy-pos\\backend\\models\\ProductCategory.ts": {"lines":{"total":6,"covered":6,"skipped":0,"pct":100},"functions":{"total":0,"covered":0,"skipped":0,"pct":100},"statements":{"total":6,"covered":6,"skipped":0,"pct":100},"branches":{"total":0,"covered":0,"skipped":0,"pct":100}}
,"D:\\pharmacy-pos\\backend\\models\\ProductNote.ts": {"lines":{"total":53,"covered":17,"skipped":0,"pct":32.07},"functions":{"total":6,"covered":0,"skipped":0,"pct":0},"statements":{"total":56,"covered":17,"skipped":0,"pct":30.35},"branches":{"total":33,"covered":0,"skipped":0,"pct":0}}
,"D:\\pharmacy-pos\\backend\\models\\ProductPackageUnit.ts": {"lines":{"total":31,"covered":17,"skipped":0,"pct":54.83},"functions":{"total":6,"covered":0,"skipped":0,"pct":0},"statements":{"total":31,"covered":17,"skipped":0,"pct":54.83},"branches":{"total":14,"covered":0,"skipped":0,"pct":0}}
,"D:\\pharmacy-pos\\backend\\models\\PurchaseOrder.ts": {"lines":{"total":14,"covered":14,"skipped":0,"pct":100},"functions":{"total":4,"covered":4,"skipped":0,"pct":100},"statements":{"total":15,"covered":15,"skipped":0,"pct":100},"branches":{"total":2,"covered":2,"skipped":0,"pct":100}}
,"D:\\pharmacy-pos\\backend\\models\\Sale.ts": {"lines":{"total":28,"covered":26,"skipped":0,"pct":92.85},"functions":{"total":8,"covered":8,"skipped":0,"pct":100},"statements":{"total":29,"covered":27,"skipped":0,"pct":93.1},"branches":{"total":15,"covered":10,"skipped":0,"pct":66.66}}
,"D:\\pharmacy-pos\\backend\\models\\ShiftTimeConfig.ts": {"lines":{"total":8,"covered":6,"skipped":0,"pct":75},"functions":{"total":2,"covered":0,"skipped":0,"pct":0},"statements":{"total":8,"covered":6,"skipped":0,"pct":75},"branches":{"total":0,"covered":0,"skipped":0,"pct":100}}
,"D:\\pharmacy-pos\\backend\\models\\ShippingOrder.ts": {"lines":{"total":14,"covered":8,"skipped":0,"pct":57.14},"functions":{"total":4,"covered":0,"skipped":0,"pct":0},"statements":{"total":15,"covered":8,"skipped":0,"pct":53.33},"branches":{"total":2,"covered":0,"skipped":0,"pct":0}}
,"D:\\pharmacy-pos\\backend\\models\\Supplier.ts": {"lines":{"total":13,"covered":13,"skipped":0,"pct":100},"functions":{"total":2,"covered":2,"skipped":0,"pct":100},"statements":{"total":13,"covered":13,"skipped":0,"pct":100},"branches":{"total":2,"covered":2,"skipped":0,"pct":100}}
,"D:\\pharmacy-pos\\backend\\models\\SupplierAccountMapping.ts": {"lines":{"total":28,"covered":10,"skipped":0,"pct":35.71},"functions":{"total":5,"covered":0,"skipped":0,"pct":0},"statements":{"total":31,"covered":10,"skipped":0,"pct":32.25},"branches":{"total":10,"covered":0,"skipped":0,"pct":0}}
,"D:\\pharmacy-pos\\backend\\models\\TransactionGroup.ts": {"lines":{"total":32,"covered":14,"skipped":0,"pct":43.75},"functions":{"total":1,"covered":0,"skipped":0,"pct":0},"statements":{"total":32,"covered":14,"skipped":0,"pct":43.75},"branches":{"total":14,"covered":0,"skipped":0,"pct":0}}
,"D:\\pharmacy-pos\\backend\\models\\TransactionGroupWithEntries.ts": {"lines":{"total":74,"covered":32,"skipped":0,"pct":43.24},"functions":{"total":8,"covered":0,"skipped":0,"pct":0},"statements":{"total":79,"covered":32,"skipped":0,"pct":40.5},"branches":{"total":40,"covered":0,"skipped":0,"pct":0}}
,"D:\\pharmacy-pos\\backend\\models\\User.ts": {"lines":{"total":10,"covered":10,"skipped":0,"pct":100},"functions":{"total":1,"covered":1,"skipped":0,"pct":100},"statements":{"total":11,"covered":10,"skipped":0,"pct":90.9},"branches":{"total":2,"covered":1,"skipped":0,"pct":50}}
,"D:\\pharmacy-pos\\backend\\routes\\accountBalances.ts": {"lines":{"total":88,"covered":82,"skipped":0,"pct":93.18},"functions":{"total":6,"covered":6,"skipped":0,"pct":100},"statements":{"total":88,"covered":82,"skipped":0,"pct":93.18},"branches":{"total":32,"covered":23,"skipped":0,"pct":71.87}}
,"D:\\pharmacy-pos\\backend\\routes\\accounting.ts": {"lines":{"total":272,"covered":19,"skipped":0,"pct":6.98},"functions":{"total":30,"covered":0,"skipped":0,"pct":0},"statements":{"total":299,"covered":19,"skipped":0,"pct":6.35},"branches":{"total":150,"covered":0,"skipped":0,"pct":0}}
,"D:\\pharmacy-pos\\backend\\routes\\accountingCategories.ts": {"lines":{"total":120,"covered":96,"skipped":0,"pct":80},"functions":{"total":5,"covered":5,"skipped":0,"pct":100},"statements":{"total":120,"covered":96,"skipped":0,"pct":80},"branches":{"total":34,"covered":27,"skipped":0,"pct":79.41}}
,"D:\\pharmacy-pos\\backend\\routes\\accountingEntries.ts": {"lines":{"total":183,"covered":59,"skipped":0,"pct":32.24},"functions":{"total":25,"covered":7,"skipped":0,"pct":28},"statements":{"total":201,"covered":62,"skipped":0,"pct":30.84},"branches":{"total":113,"covered":31,"skipped":0,"pct":27.43}}
,"D:\\pharmacy-pos\\backend\\routes\\accountingRecords2.ts": {"lines":{"total":228,"covered":13,"skipped":0,"pct":5.7},"functions":{"total":6,"covered":0,"skipped":0,"pct":0},"statements":{"total":233,"covered":13,"skipped":0,"pct":5.57},"branches":{"total":170,"covered":0,"skipped":0,"pct":0}}
,"D:\\pharmacy-pos\\backend\\routes\\accounts2.ts": {"lines":{"total":321,"covered":29,"skipped":0,"pct":9.03},"functions":{"total":28,"covered":0,"skipped":0,"pct":0},"statements":{"total":331,"covered":29,"skipped":0,"pct":8.76},"branches":{"total":174,"covered":0,"skipped":0,"pct":0}}
,"D:\\pharmacy-pos\\backend\\routes\\auth.ts": {"lines":{"total":345,"covered":26,"skipped":0,"pct":7.53},"functions":{"total":18,"covered":0,"skipped":0,"pct":0},"statements":{"total":349,"covered":26,"skipped":0,"pct":7.44},"branches":{"total":154,"covered":0,"skipped":0,"pct":0}}
,"D:\\pharmacy-pos\\backend\\routes\\categories2.ts": {"lines":{"total":170,"covered":13,"skipped":0,"pct":7.64},"functions":{"total":9,"covered":0,"skipped":0,"pct":0},"statements":{"total":177,"covered":13,"skipped":0,"pct":7.34},"branches":{"total":104,"covered":0,"skipped":0,"pct":0}}
,"D:\\pharmacy-pos\\backend\\routes\\config.ts": {"lines":{"total":13,"covered":5,"skipped":0,"pct":38.46},"functions":{"total":1,"covered":0,"skipped":0,"pct":0},"statements":{"total":13,"covered":5,"skipped":0,"pct":38.46},"branches":{"total":5,"covered":0,"skipped":0,"pct":0}}
,"D:\\pharmacy-pos\\backend\\routes\\csvImportApi.ts": {"lines":{"total":190,"covered":15,"skipped":0,"pct":7.89},"functions":{"total":12,"covered":0,"skipped":0,"pct":0},"statements":{"total":193,"covered":15,"skipped":0,"pct":7.77},"branches":{"total":91,"covered":0,"skipped":0,"pct":0}}
,"D:\\pharmacy-pos\\backend\\routes\\customers.ts": {"lines":{"total":2,"covered":0,"skipped":0,"pct":0},"functions":{"total":0,"covered":0,"skipped":0,"pct":100},"statements":{"total":2,"covered":0,"skipped":0,"pct":0},"branches":{"total":0,"covered":0,"skipped":0,"pct":100}}
,"D:\\pharmacy-pos\\backend\\routes\\dashboard.ts": {"lines":{"total":98,"covered":96,"skipped":0,"pct":97.95},"functions":{"total":19,"covered":17,"skipped":0,"pct":89.47},"statements":{"total":108,"covered":105,"skipped":0,"pct":97.22},"branches":{"total":55,"covered":37,"skipped":0,"pct":67.27}}
,"D:\\pharmacy-pos\\backend\\routes\\employeeAccounts.ts": {"lines":{"total":82,"covered":15,"skipped":0,"pct":18.29},"functions":{"total":5,"covered":0,"skipped":0,"pct":0},"statements":{"total":82,"covered":15,"skipped":0,"pct":18.29},"branches":{"total":30,"covered":0,"skipped":0,"pct":0}}
,"D:\\pharmacy-pos\\backend\\routes\\employeeSchedules.ts": {"lines":{"total":214,"covered":22,"skipped":0,"pct":10.28},"functions":{"total":15,"covered":0,"skipped":0,"pct":0},"statements":{"total":214,"covered":22,"skipped":0,"pct":10.28},"branches":{"total":119,"covered":0,"skipped":0,"pct":0}}
,"D:\\pharmacy-pos\\backend\\routes\\employees.ts": {"lines":{"total":140,"covered":22,"skipped":0,"pct":15.71},"functions":{"total":19,"covered":0,"skipped":0,"pct":0},"statements":{"total":142,"covered":22,"skipped":0,"pct":15.49},"branches":{"total":68,"covered":0,"skipped":0,"pct":0}}
,"D:\\pharmacy-pos\\backend\\routes\\fifo.ts": {"lines":{"total":217,"covered":16,"skipped":0,"pct":7.37},"functions":{"total":19,"covered":0,"skipped":0,"pct":0},"statements":{"total":223,"covered":16,"skipped":0,"pct":7.17},"branches":{"total":117,"covered":0,"skipped":0,"pct":0}}
,"D:\\pharmacy-pos\\backend\\routes\\inventory.ts": {"lines":{"total":181,"covered":116,"skipped":0,"pct":64.08},"functions":{"total":14,"covered":12,"skipped":0,"pct":85.71},"statements":{"total":184,"covered":119,"skipped":0,"pct":64.67},"branches":{"total":133,"covered":66,"skipped":0,"pct":49.62}}
,"D:\\pharmacy-pos\\backend\\routes\\linkGlobalUpdate.ts": {"lines":{"total":61,"covered":8,"skipped":0,"pct":13.11},"functions":{"total":6,"covered":0,"skipped":0,"pct":0},"statements":{"total":61,"covered":8,"skipped":0,"pct":13.11},"branches":{"total":38,"covered":0,"skipped":0,"pct":0}}
,"D:\\pharmacy-pos\\backend\\routes\\linkReferences.ts": {"lines":{"total":115,"covered":12,"skipped":0,"pct":10.43},"functions":{"total":7,"covered":0,"skipped":0,"pct":0},"statements":{"total":118,"covered":12,"skipped":0,"pct":10.16},"branches":{"total":68,"covered":0,"skipped":0,"pct":0}}
,"D:\\pharmacy-pos\\backend\\routes\\monitoredProducts.ts": {"lines":{"total":79,"covered":11,"skipped":0,"pct":13.92},"functions":{"total":4,"covered":0,"skipped":0,"pct":0},"statements":{"total":79,"covered":11,"skipped":0,"pct":13.92},"branches":{"total":24,"covered":0,"skipped":0,"pct":0}}
,"D:\\pharmacy-pos\\backend\\routes\\monitoring.ts": {"lines":{"total":102,"covered":55,"skipped":0,"pct":53.92},"functions":{"total":8,"covered":5,"skipped":0,"pct":62.5},"statements":{"total":102,"covered":55,"skipped":0,"pct":53.92},"branches":{"total":48,"covered":13,"skipped":0,"pct":27.08}}
,"D:\\pharmacy-pos\\backend\\routes\\organizations.ts": {"lines":{"total":158,"covered":16,"skipped":0,"pct":10.12},"functions":{"total":9,"covered":0,"skipped":0,"pct":0},"statements":{"total":160,"covered":16,"skipped":0,"pct":10},"branches":{"total":58,"covered":0,"skipped":0,"pct":0}}
,"D:\\pharmacy-pos\\backend\\routes\\overtimeRecords.ts": {"lines":{"total":215,"covered":19,"skipped":0,"pct":8.83},"functions":{"total":19,"covered":0,"skipped":0,"pct":0},"statements":{"total":225,"covered":19,"skipped":0,"pct":8.44},"branches":{"total":92,"covered":0,"skipped":0,"pct":0}}
,"D:\\pharmacy-pos\\backend\\routes\\packageUnits.ts": {"lines":{"total":12,"covered":12,"skipped":0,"pct":100},"functions":{"total":0,"covered":0,"skipped":0,"pct":100},"statements":{"total":12,"covered":12,"skipped":0,"pct":100},"branches":{"total":0,"covered":0,"skipped":0,"pct":100}}
,"D:\\pharmacy-pos\\backend\\routes\\packages.ts": {"lines":{"total":144,"covered":15,"skipped":0,"pct":10.41},"functions":{"total":12,"covered":0,"skipped":0,"pct":0},"statements":{"total":147,"covered":15,"skipped":0,"pct":10.2},"branches":{"total":120,"covered":0,"skipped":0,"pct":0}}
,"D:\\pharmacy-pos\\backend\\routes\\productCategories.ts": {"lines":{"total":103,"covered":12,"skipped":0,"pct":11.65},"functions":{"total":5,"covered":0,"skipped":0,"pct":0},"statements":{"total":103,"covered":12,"skipped":0,"pct":11.65},"branches":{"total":44,"covered":0,"skipped":0,"pct":0}}
,"D:\\pharmacy-pos\\backend\\routes\\productDescriptionRoutes.ts": {"lines":{"total":43,"covered":8,"skipped":0,"pct":18.6},"functions":{"total":2,"covered":0,"skipped":0,"pct":0},"statements":{"total":45,"covered":8,"skipped":0,"pct":17.77},"branches":{"total":38,"covered":0,"skipped":0,"pct":0}}
,"D:\\pharmacy-pos\\backend\\routes\\products.ts": {"lines":{"total":283,"covered":192,"skipped":0,"pct":67.84},"functions":{"total":17,"covered":17,"skipped":0,"pct":100},"statements":{"total":285,"covered":194,"skipped":0,"pct":68.07},"branches":{"total":216,"covered":108,"skipped":0,"pct":50}}
,"D:\\pharmacy-pos\\backend\\routes\\reports.ts": {"lines":{"total":69,"covered":9,"skipped":0,"pct":13.04},"functions":{"total":14,"covered":0,"skipped":0,"pct":0},"statements":{"total":70,"covered":9,"skipped":0,"pct":12.85},"branches":{"total":54,"covered":0,"skipped":0,"pct":0}}
,"D:\\pharmacy-pos\\backend\\routes\\settings.ts": {"lines":{"total":61,"covered":8,"skipped":0,"pct":13.11},"functions":{"total":2,"covered":0,"skipped":0,"pct":0},"statements":{"total":61,"covered":8,"skipped":0,"pct":13.11},"branches":{"total":16,"covered":0,"skipped":0,"pct":0}}
,"D:\\pharmacy-pos\\backend\\routes\\shiftTimeConfigs.ts": {"lines":{"total":133,"covered":13,"skipped":0,"pct":9.77},"functions":{"total":6,"covered":0,"skipped":0,"pct":0},"statements":{"total":137,"covered":13,"skipped":0,"pct":9.48},"branches":{"total":52,"covered":0,"skipped":0,"pct":0}}
,"D:\\pharmacy-pos\\backend\\routes\\shippingOrdersImport.ts": {"lines":{"total":217,"covered":17,"skipped":0,"pct":7.83},"functions":{"total":23,"covered":0,"skipped":0,"pct":0},"statements":{"total":220,"covered":17,"skipped":0,"pct":7.72},"branches":{"total":107,"covered":0,"skipped":0,"pct":0}}
,"D:\\pharmacy-pos\\backend\\routes\\supplierAccountMappings.ts": {"lines":{"total":156,"covered":25,"skipped":0,"pct":16.02},"functions":{"total":17,"covered":0,"skipped":0,"pct":0},"statements":{"total":168,"covered":25,"skipped":0,"pct":14.88},"branches":{"total":73,"covered":0,"skipped":0,"pct":0}}
,"D:\\pharmacy-pos\\backend\\routes\\suppliers.ts": {"lines":{"total":2,"covered":2,"skipped":0,"pct":100},"functions":{"total":0,"covered":0,"skipped":0,"pct":100},"statements":{"total":2,"covered":2,"skipped":0,"pct":100},"branches":{"total":0,"covered":0,"skipped":0,"pct":100}}
,"D:\\pharmacy-pos\\backend\\routes\\themes.ts": {"lines":{"total":150,"covered":17,"skipped":0,"pct":11.33},"functions":{"total":12,"covered":0,"skipped":0,"pct":0},"statements":{"total":153,"covered":17,"skipped":0,"pct":11.11},"branches":{"total":48,"covered":0,"skipped":0,"pct":0}}
,"D:\\pharmacy-pos\\backend\\routes\\transactionGroups.ts": {"lines":{"total":348,"covered":27,"skipped":0,"pct":7.75},"functions":{"total":45,"covered":0,"skipped":0,"pct":0},"statements":{"total":371,"covered":27,"skipped":0,"pct":7.27},"branches":{"total":268,"covered":0,"skipped":0,"pct":0}}
,"D:\\pharmacy-pos\\backend\\routes\\transactionGroupsWithEntries.ts": {"lines":{"total":293,"covered":23,"skipped":0,"pct":7.84},"functions":{"total":33,"covered":0,"skipped":0,"pct":0},"statements":{"total":323,"covered":23,"skipped":0,"pct":7.12},"branches":{"total":223,"covered":0,"skipped":0,"pct":0}}
,"D:\\pharmacy-pos\\backend\\routes\\userThemes.ts": {"lines":{"total":128,"covered":94,"skipped":0,"pct":73.43},"functions":{"total":13,"covered":12,"skipped":0,"pct":92.3},"statements":{"total":132,"covered":98,"skipped":0,"pct":74.24},"branches":{"total":42,"covered":30,"skipped":0,"pct":71.42}}
,"D:\\pharmacy-pos\\backend\\routes\\users.ts": {"lines":{"total":35,"covered":9,"skipped":0,"pct":25.71},"functions":{"total":2,"covered":0,"skipped":0,"pct":0},"statements":{"total":36,"covered":9,"skipped":0,"pct":25},"branches":{"total":14,"covered":0,"skipped":0,"pct":0}}
,"D:\\pharmacy-pos\\backend\\routes\\accounting2\\accountRoutes.ts": {"lines":{"total":18,"covered":18,"skipped":0,"pct":100},"functions":{"total":0,"covered":0,"skipped":0,"pct":100},"statements":{"total":18,"covered":18,"skipped":0,"pct":100},"branches":{"total":0,"covered":0,"skipped":0,"pct":100}}
,"D:\\pharmacy-pos\\backend\\routes\\accounting2\\accountTypes.ts": {"lines":{"total":11,"covered":0,"skipped":0,"pct":0},"functions":{"total":0,"covered":0,"skipped":0,"pct":100},"statements":{"total":11,"covered":0,"skipped":0,"pct":0},"branches":{"total":0,"covered":0,"skipped":0,"pct":100}}
,"D:\\pharmacy-pos\\backend\\routes\\accounting2\\fundingRoutes.ts": {"lines":{"total":17,"covered":17,"skipped":0,"pct":100},"functions":{"total":0,"covered":0,"skipped":0,"pct":100},"statements":{"total":17,"covered":17,"skipped":0,"pct":100},"branches":{"total":0,"covered":0,"skipped":0,"pct":100}}
,"D:\\pharmacy-pos\\backend\\routes\\accounting2\\index.ts": {"lines":{"total":7,"covered":7,"skipped":0,"pct":100},"functions":{"total":0,"covered":0,"skipped":0,"pct":100},"statements":{"total":7,"covered":7,"skipped":0,"pct":100},"branches":{"total":0,"covered":0,"skipped":0,"pct":100}}
,"D:\\pharmacy-pos\\backend\\routes\\accounting2\\transactionRoutes.ts": {"lines":{"total":25,"covered":25,"skipped":0,"pct":100},"functions":{"total":0,"covered":0,"skipped":0,"pct":100},"statements":{"total":25,"covered":25,"skipped":0,"pct":100},"branches":{"total":0,"covered":0,"skipped":0,"pct":100}}
,"D:\\pharmacy-pos\\backend\\services\\AccountingIntegrationService.ts": {"lines":{"total":63,"covered":63,"skipped":0,"pct":100},"functions":{"total":8,"covered":8,"skipped":0,"pct":100},"statements":{"total":64,"covered":64,"skipped":0,"pct":100},"branches":{"total":21,"covered":20,"skipped":0,"pct":95.23}}
,"D:\\pharmacy-pos\\backend\\services\\AutoAccountingEntryService.ts": {"lines":{"total":118,"covered":76,"skipped":0,"pct":64.4},"functions":{"total":21,"covered":15,"skipped":0,"pct":71.42},"statements":{"total":126,"covered":81,"skipped":0,"pct":64.28},"branches":{"total":72,"covered":41,"skipped":0,"pct":56.94}}
,"D:\\pharmacy-pos\\backend\\services\\CacheService.ts": {"lines":{"total":189,"covered":120,"skipped":0,"pct":63.49},"functions":{"total":30,"covered":23,"skipped":0,"pct":76.66},"statements":{"total":191,"covered":122,"skipped":0,"pct":63.87},"branches":{"total":102,"covered":63,"skipped":0,"pct":61.76}}
,"D:\\pharmacy-pos\\backend\\services\\OptimizedProductService.ts": {"lines":{"total":70,"covered":70,"skipped":0,"pct":100},"functions":{"total":9,"covered":9,"skipped":0,"pct":100},"statements":{"total":74,"covered":74,"skipped":0,"pct":100},"branches":{"total":59,"covered":56,"skipped":0,"pct":94.91}}
,"D:\\pharmacy-pos\\backend\\services\\PackageUnitService.ts": {"lines":{"total":121,"covered":89,"skipped":0,"pct":73.55},"functions":{"total":22,"covered":14,"skipped":0,"pct":63.63},"statements":{"total":131,"covered":97,"skipped":0,"pct":74.04},"branches":{"total":60,"covered":52,"skipped":0,"pct":86.66}}
,"D:\\pharmacy-pos\\backend\\services\\accountBalanceService.ts": {"lines":{"total":82,"covered":81,"skipped":0,"pct":98.78},"functions":{"total":15,"covered":15,"skipped":0,"pct":100},"statements":{"total":87,"covered":86,"skipped":0,"pct":98.85},"branches":{"total":39,"covered":35,"skipped":0,"pct":89.74}}
,"D:\\pharmacy-pos\\backend\\services\\employeeAccountService.ts": {"lines":{"total":75,"covered":72,"skipped":0,"pct":96},"functions":{"total":7,"covered":7,"skipped":0,"pct":100},"statements":{"total":75,"covered":72,"skipped":0,"pct":96},"branches":{"total":38,"covered":35,"skipped":0,"pct":92.1}}
,"D:\\pharmacy-pos\\backend\\services\\accounting2\\AccountService.ts": {"lines":{"total":108,"covered":101,"skipped":0,"pct":93.51},"functions":{"total":15,"covered":12,"skipped":0,"pct":80},"statements":{"total":113,"covered":103,"skipped":0,"pct":91.15},"branches":{"total":49,"covered":39,"skipped":0,"pct":79.59}}
,"D:\\pharmacy-pos\\backend\\services\\accounting2\\FundingService.ts": {"lines":{"total":119,"covered":112,"skipped":0,"pct":94.11},"functions":{"total":11,"covered":8,"skipped":0,"pct":72.72},"statements":{"total":122,"covered":113,"skipped":0,"pct":92.62},"branches":{"total":83,"covered":66,"skipped":0,"pct":79.51}}
,"D:\\pharmacy-pos\\backend\\services\\accounting2\\TransactionService.ts": {"lines":{"total":405,"covered":179,"skipped":0,"pct":44.19},"functions":{"total":62,"covered":23,"skipped":0,"pct":37.09},"statements":{"total":425,"covered":189,"skipped":0,"pct":44.47},"branches":{"total":274,"covered":112,"skipped":0,"pct":40.87}}
,"D:\\pharmacy-pos\\backend\\services\\accounting2\\ValidationService.ts": {"lines":{"total":157,"covered":137,"skipped":0,"pct":87.26},"functions":{"total":23,"covered":22,"skipped":0,"pct":95.65},"statements":{"total":165,"covered":145,"skipped":0,"pct":87.87},"branches":{"total":132,"covered":91,"skipped":0,"pct":68.93}}
,"D:\\pharmacy-pos\\backend\\services\\accounting2\\index.ts": {"lines":{"total":5,"covered":0,"skipped":0,"pct":0},"functions":{"total":4,"covered":0,"skipped":0,"pct":0},"statements":{"total":9,"covered":0,"skipped":0,"pct":0},"branches":{"total":0,"covered":0,"skipped":0,"pct":100}}
,"D:\\pharmacy-pos\\backend\\utils\\OrderNumberGenerator.ts": {"lines":{"total":74,"covered":74,"skipped":0,"pct":100},"functions":{"total":7,"covered":7,"skipped":0,"pct":100},"statements":{"total":75,"covered":75,"skipped":0,"pct":100},"branches":{"total":37,"covered":34,"skipped":0,"pct":91.89}}
,"D:\\pharmacy-pos\\backend\\utils\\OrderNumberService.ts": {"lines":{"total":42,"covered":19,"skipped":0,"pct":45.23},"functions":{"total":5,"covered":1,"skipped":0,"pct":20},"statements":{"total":42,"covered":19,"skipped":0,"pct":45.23},"branches":{"total":37,"covered":5,"skipped":0,"pct":13.51}}
,"D:\\pharmacy-pos\\backend\\utils\\codeGenerator.ts": {"lines":{"total":58,"covered":58,"skipped":0,"pct":100},"functions":{"total":11,"covered":11,"skipped":0,"pct":100},"statements":{"total":58,"covered":58,"skipped":0,"pct":100},"branches":{"total":34,"covered":30,"skipped":0,"pct":88.23}}
,"D:\\pharmacy-pos\\backend\\utils\\doubleEntryValidation.ts": {"lines":{"total":36,"covered":36,"skipped":0,"pct":100},"functions":{"total":12,"covered":12,"skipped":0,"pct":100},"statements":{"total":40,"covered":40,"skipped":0,"pct":100},"branches":{"total":22,"covered":22,"skipped":0,"pct":100}}
,"D:\\pharmacy-pos\\backend\\utils\\employeeAccountValidation.ts": {"lines":{"total":62,"covered":62,"skipped":0,"pct":100},"functions":{"total":9,"covered":9,"skipped":0,"pct":100},"statements":{"total":62,"covered":62,"skipped":0,"pct":100},"branches":{"total":27,"covered":27,"skipped":0,"pct":100}}
,"D:\\pharmacy-pos\\backend\\utils\\fifoCalculator.ts": {"lines":{"total":152,"covered":137,"skipped":0,"pct":90.13},"functions":{"total":27,"covered":25,"skipped":0,"pct":92.59},"statements":{"total":166,"covered":147,"skipped":0,"pct":88.55},"branches":{"total":126,"covered":82,"skipped":0,"pct":65.07}}
,"D:\\pharmacy-pos\\backend\\utils\\fundingSourceHelpers.ts": {"lines":{"total":52,"covered":7,"skipped":0,"pct":13.46},"functions":{"total":10,"covered":0,"skipped":0,"pct":0},"statements":{"total":59,"covered":12,"skipped":0,"pct":20.33},"branches":{"total":45,"covered":0,"skipped":0,"pct":0}}
,"D:\\pharmacy-pos\\backend\\utils\\logger.ts": {"lines":{"total":36,"covered":25,"skipped":0,"pct":69.44},"functions":{"total":6,"covered":2,"skipped":0,"pct":33.33},"statements":{"total":40,"covered":29,"skipped":0,"pct":72.5},"branches":{"total":12,"covered":3,"skipped":0,"pct":25}}
,"D:\\pharmacy-pos\\backend\\utils\\passwordUtils.ts": {"lines":{"total":121,"covered":121,"skipped":0,"pct":100},"functions":{"total":13,"covered":13,"skipped":0,"pct":100},"statements":{"total":140,"covered":140,"skipped":0,"pct":100},"branches":{"total":94,"covered":91,"skipped":0,"pct":96.8}}
,"D:\\pharmacy-pos\\backend\\utils\\pdfGenerator.ts": {"lines":{"total":125,"covered":0,"skipped":0,"pct":0},"functions":{"total":12,"covered":0,"skipped":0,"pct":0},"statements":{"total":131,"covered":0,"skipped":0,"pct":0},"branches":{"total":74,"covered":0,"skipped":0,"pct":0}}
,"D:\\pharmacy-pos\\backend\\utils\\responseHelpers.ts": {"lines":{"total":40,"covered":40,"skipped":0,"pct":100},"functions":{"total":13,"covered":13,"skipped":0,"pct":100},"statements":{"total":40,"covered":40,"skipped":0,"pct":100},"branches":{"total":20,"covered":20,"skipped":0,"pct":100}}
,"D:\\pharmacy-pos\\backend\\utils\\transactionFormatHelpers.ts": {"lines":{"total":70,"covered":49,"skipped":0,"pct":70},"functions":{"total":18,"covered":9,"skipped":0,"pct":50},"statements":{"total":81,"covered":60,"skipped":0,"pct":74.07},"branches":{"total":75,"covered":47,"skipped":0,"pct":62.66}}
,"D:\\pharmacy-pos\\backend\\utils\\transactionValidationHelpers.ts": {"lines":{"total":102,"covered":96,"skipped":0,"pct":94.11},"functions":{"total":12,"covered":12,"skipped":0,"pct":100},"statements":{"total":113,"covered":107,"skipped":0,"pct":94.69},"branches":{"total":80,"covered":63,"skipped":0,"pct":78.75}}
}
